\BOOKMARK [0][-]{chapter*.2}{\376\377\000I\000n\000t\000r\000o\000d\000u\000c\000t\000i\000o\000n}{}% 1
\BOOKMARK [0][-]{chapter.1}{\376\377\000P\000r\000e\000l\000i\000m\000i\000n\000a\000r\000i\000e\000s}{}% 2
\BOOKMARK [1][-]{section.1.1}{\376\377\000R\000a\000n\000d\000o\000m\000i\000z\000e\000d\000\040\000A\000l\000g\000o\000r\000i\000t\000m\000s}{chapter.1}% 3
\BOOKMARK [1][-]{section.1.2}{\376\377\000H\000y\000p\000e\000r\000g\000r\000a\000p\000h\000s}{chapter.1}% 4
\BOOKMARK [2][-]{subsection.1.2.1}{\376\377\000B\000a\000s\000i\000c\000s}{section.1.2}% 5
\BOOKMARK [2][-]{subsection.1.2.2}{\376\377\000P\000a\000r\000i\000n\000g\000\040\000i\000n\000\040\000R\000a\000n\000d\000o\000m\000\040\000H\000y\000p\000e\000r\000g\000r\000a\000p\000h\000s}{section.1.2}% 6
\BOOKMARK [1][-]{section.1.3}{\376\377\000H\000a\000s\000h\000i\000n\000g}{chapter.1}% 7
\BOOKMARK [2][-]{subsection.1.3.1}{\376\377\000P\000r\000o\000b\000l\000e\000m\000\040\000o\000f\000\040\000D\000i\000c\000t\000i\000o\000n\000a\000r\000y}{section.1.3}% 8
\BOOKMARK [2][-]{subsection.1.3.2}{\376\377\000H\000a\000s\000h\000i\000n\000g\000\040\000F\000u\000n\000c\000t\000i\000o\000n\000\040\000F\000a\000m\000i\000l\000i\000e\000s}{section.1.3}% 9
\BOOKMARK [2][-]{subsection.1.3.3}{\376\377\000E\000x\000a\000m\000p\000l\000e\000s\000\040\000o\000f\000\040\000H\000a\000s\000h\000\040\000F\000u\000n\000c\000t\000i\000o\000n\000\040\000F\000a\000m\000i\000l\000i\000e\000s}{section.1.3}% 10
\BOOKMARK [0][-]{chapter.2}{\376\377\000S\000t\000r\000e\000a\000m\000i\000n\000g\000\040\000A\000l\000g\000o\000r\000i\000t\000h\000m\000s}{}% 11
\BOOKMARK [1][-]{section.2.1}{\376\377\000I\000n\000t\000r\000o\000d\000u\000c\000t\000i\000o\000n\000\040\000t\000o\000\040\000S\000t\000r\000e\000a\000m\000i\000n\000g\000\040\000a\000l\000g\000o\000r\000i\000t\000h\000m\000s}{chapter.2}% 12
\BOOKMARK [2][-]{subsection.2.1.1}{\376\377\000M\000o\000t\000i\000v\000a\000t\000i\000o\000n}{section.2.1}% 13
\BOOKMARK [2][-]{subsection.2.1.2}{\376\377\000D\000a\000t\000a\000\040\000S\000t\000r\000e\000a\000m\000\040\000m\000o\000d\000e\000l}{section.2.1}% 14
\BOOKMARK [2][-]{subsection.2.1.3}{\376\377\000U\000s\000e\000\040\000c\000a\000s\000e\000s\000\040\000f\000o\000r\000\040\000S\000t\000r\000e\000a\000m\000i\000n\000g\000\040\000A\000l\000g\000o\000r\000i\000t\000h\000m\000s}{section.2.1}% 15
\BOOKMARK [2][-]{subsection.2.1.4}{\376\377\000N\000u\000m\000b\000e\000r\000\040\000o\000f\000\040\000d\000i\000s\000t\000i\000n\000c\000t\000\040\000e\000l\000e\000m\000e\000n\000t\000s\000\040\000i\000n\000\040\000M\000u\000l\000t\000i\000S\000e\000t}{section.2.1}% 16
\BOOKMARK [1][-]{section.2.2}{\376\377\000S\000t\000a\000t\000e\000m\000e\000n\000t\000\040\000o\000f\000\040\000t\000h\000e\000\040\000P\000r\000o\000b\000l\000e\000m}{chapter.2}% 17
\BOOKMARK [1][-]{section.2.3}{\376\377\000F\000r\000o\000m\000\040\000S\000i\000m\000p\000l\000e\000\040\000s\000o\000l\000u\000t\000i\000o\000n\000s\000\040\000t\000o\000\040\000I\000B\000L\000T\000'\000s}{chapter.2}% 18
\BOOKMARK [2][-]{subsection.2.3.1}{\376\377\000S\000o\000l\000v\000i\000n\000g\000\040\0001\000-\000P\000r\000o\000b\000l\000e\000m}{section.2.3}% 19
\BOOKMARK [2][-]{subsection.2.3.2}{\376\377\000F\000r\000o\000m\000\040\0001\000\040\000t\000o\000\040\000k\000-\000S\000e\000t\000R\000e\000c\000o\000v\000e\000r\000y\000P\000r\000o\000b\000l\000e\000m\000\040\000S\000o\000l\000u\000t\000i\000o\000n}{section.2.3}% 20
\BOOKMARK [2][-]{subsection.2.3.3}{\376\377\000I\000n\000v\000e\000r\000t\000i\000b\000l\000e\000\040\000B\000l\000o\000o\000m\000\040\000L\000o\000o\000k\000u\000p\000\040\000T\000a\000b\000l\000e}{section.2.3}% 21
\BOOKMARK [1][-]{section.2.4}{\376\377\000H\000P\000W\000\040\000a\000l\000g\000o\000r\000i\000t\000h\000m}{chapter.2}% 22
\BOOKMARK [0][-]{chapter.3}{\376\377\000D\000o\000t\000n\000e\000t\000\040\000a\000n\000d\000\040\000C\000\043\000\040\000P\000r\000e\000l\000i\000m\000i\000n\000a\000r\000i\000e\000s}{}% 23
\BOOKMARK [1][-]{section.3.1}{\376\377\000D\000o\000t\000n\000e\000t\000\040\000a\000n\000d\000\040\000J\000u\000s\000t\000-\000I\000n\000-\000T\000i\000m\000e\000\040\000C\000o\000m\000p\000i\000l\000a\000t\000i\000o\000n}{chapter.3}% 24
\BOOKMARK [1][-]{section.3.2}{\376\377\000M\000e\000m\000o\000r\000y}{chapter.3}% 25
\BOOKMARK [2][-]{subsection.3.2.1}{\376\377\000H\000e\000a\000p\000\040\000a\000n\000d\000\040\000S\000t\000a\000c\000k}{section.3.2}% 26
\BOOKMARK [2][-]{subsection.3.2.2}{\376\377\000V\000a\000l\000u\000e\000\040\000a\000n\000d\000\040\000R\000e\000f\000e\000r\000e\000n\000c\000e\000\040\000T\000y\000p\000e\000s}{section.3.2}% 27
\BOOKMARK [2][-]{subsection.3.2.3}{\376\377\000G\000a\000r\000b\000a\000g\000e\000\040\000C\000o\000l\000l\000e\000c\000t\000o\000r}{section.3.2}% 28
\BOOKMARK [1][-]{section.3.3}{\376\377\000A\000b\000s\000t\000r\000a\000c\000t\000i\000o\000n\000,\000\040\000V\000i\000r\000t\000u\000a\000l\000\040\000M\000e\000t\000h\000o\000d\000s\000,\000\040\000D\000e\000l\000e\000g\000a\000t\000e\000s\000,\000\040\000I\000n\000t\000e\000r\000f\000a\000c\000e\000s}{chapter.3}% 29
\BOOKMARK [2][-]{subsection.3.3.1}{\376\377\000I\000n\000h\000e\000r\000i\000t\000a\000n\000c\000e\000\040\000a\000n\000d\000\040\000V\000i\000r\000t\000u\000a\000l\000\040\000M\000e\000t\000h\000o\000d\000s}{section.3.3}% 30
\BOOKMARK [2][-]{subsection.3.3.2}{\376\377\000I\000n\000h\000e\000r\000i\000t\000a\000n\000c\000e\000\040\000o\000n\000\040\000V\000a\000l\000u\000e\000\040\000T\000y\000p\000e\000s}{section.3.3}% 31
\BOOKMARK [2][-]{subsection.3.3.3}{\376\377\000I\000n\000t\000e\000r\000f\000a\000c\000e\000s}{section.3.3}% 32
\BOOKMARK [2][-]{subsection.3.3.4}{\376\377\000G\000e\000n\000e\000r\000i\000c\000s}{section.3.3}% 33
\BOOKMARK [1][-]{section.3.4}{\376\377\000E\000x\000p\000r\000e\000s\000s\000i\000o\000n\000\040\000T\000r\000e\000e\000s}{chapter.3}% 34
\BOOKMARK [2][-]{subsection.3.4.1}{\376\377\000S\000i\000m\000p\000l\000e\000\040\000e\000x\000a\000m\000p\000l\000e}{section.3.4}% 35
\BOOKMARK [2][-]{subsection.3.4.2}{\376\377\000C\000o\000n\000s\000t\000r\000u\000c\000t\000,\000\040\000C\000o\000m\000p\000i\000l\000e}{section.3.4}% 36
\BOOKMARK [2][-]{subsection.3.4.3}{\376\377\000B\000a\000s\000e\000\040\000A\000P\000I}{section.3.4}% 37
\BOOKMARK [2][-]{subsection.3.4.4}{\376\377\000I\000s\000s\000u\000e\000s\000\040\000w\000i\000t\000h\000\040\000E\000x\000p\000r\000e\000s\000s\000i\000o\000n\000\040\000T\000r\000e\000e\000s}{section.3.4}% 38
\BOOKMARK [1][-]{section.3.5}{\376\377\000C\000o\000m\000p\000i\000l\000e\000r\000\040\000O\000p\000t\000i\000m\000i\000z\000a\000t\000i\000o\000n\000s}{chapter.3}% 39
\BOOKMARK [2][-]{subsection.3.5.1}{\376\377\000W\000h\000e\000n\000\040\000t\000h\000e\000\040\000C\000o\000m\000p\000i\000l\000e\000r\000\040\000I\000n\000l\000i\000n\000e\000s}{section.3.5}% 40
\BOOKMARK [1][-]{section.3.6}{\376\377\000C\000o\000n\000s\000t\000a\000n\000t\000\040\000O\000p\000t\000i\000m\000i\000z\000a\000t\000i\000o\000n}{chapter.3}% 41
\BOOKMARK [0][-]{chapter.4}{\376\377\000L\000i\000t\000t\000l\000e\000S\000h\000a\000r\000p}{}% 42
\BOOKMARK [1][-]{section.4.1}{\376\377\000M\000o\000t\000i\000v\000a\000t\000i\000o\000n}{chapter.4}% 43
\BOOKMARK [1][-]{section.4.2}{\376\377\000H\000o\000w\000\040\000t\000o\000\040\000u\000s\000e}{chapter.4}% 44
\BOOKMARK [2][-]{subsection.4.2.1}{\376\377\000N\000a\000m\000i\000n\000g\000\040\000C\000o\000n\000v\000e\000n\000t\000i\000o\000n\000s}{section.4.2}% 45
\BOOKMARK [2][-]{subsection.4.2.2}{\376\377\000D\000e\000b\000u\000g\000g\000i\000n\000g}{section.4.2}% 46
\BOOKMARK [1][-]{section.4.3}{\376\377\000I\000m\000p\000l\000e\000m\000e\000n\000a\000t\000i\000o\000n\000\040\000d\000e\000t\000a\000i\000l\000s}{chapter.4}% 47
\BOOKMARK [2][-]{subsection.4.3.1}{\376\377\000A\000r\000c\000h\000i\000t\000e\000c\000t\000u\000r\000e}{section.4.3}% 48
\BOOKMARK [2][-]{subsection.4.3.2}{\376\377\000S\000m\000a\000r\000t\000E\000x\000p\000r\000e\000s\000s\000i\000o\000n\000\040\000o\000p\000e\000r\000a\000t\000o\000r\000s}{section.4.3}% 49
\BOOKMARK [2][-]{subsection.4.3.3}{\376\377\000S\000c\000o\000p\000e\000s}{section.4.3}% 50
\BOOKMARK [1][-]{section.4.4}{\376\377\000F\000u\000t\000u\000r\000e\000\040\000w\000o\000r\000k}{chapter.4}% 51
\BOOKMARK [0][-]{chapter.5}{\376\377\000F\000l\000a\000s\000h\000H\000a\000s\000h}{}% 52
\BOOKMARK [1][-]{section.5.1}{\376\377\000M\000o\000t\000i\000v\000a\000t\000i\000o\000n}{chapter.5}% 53
\BOOKMARK [1][-]{section.5.2}{\376\377\000H\000o\000w\000\040\000t\000o\000\040\000u\000s\000e}{chapter.5}% 54
\BOOKMARK [1][-]{section.5.3}{\376\377\000I\000m\000p\000l\000e\000m\000e\000n\000t\000a\000t\000i\000o\000n}{chapter.5}% 55
\BOOKMARK [2][-]{subsection.5.3.1}{\376\377\000S\000i\000m\000p\000l\000e\000s\000t\000\040\000S\000o\000l\000u\000t\000i\000o\000n}{section.5.3}% 56
\BOOKMARK [2][-]{subsection.5.3.2}{\376\377\000P\000o\000s\000s\000i\000b\000l\000e\000\040\000s\000o\000l\000u\000t\000i\000o\000n\000\040\000v\000i\000a\000\040\000R\000u\000n\000t\000i\000m\000e\000\040\000T\000y\000p\000e\000s\000\040\000w\000i\000t\000h\000\040\000S\000t\000r\000u\000c\000t\000\040\000D\000e\000l\000e\000g\000a\000t\000e\000s}{section.5.3}% 57
\BOOKMARK [2][-]{subsection.5.3.3}{\376\377\000S\000o\000l\000u\000t\000i\000o\000n\000\040\000u\000s\000i\000n\000g\000\040\000E\000x\000p\000r\000e\000s\000s\000i\000o\000n\000\040\000T\000r\000e\000e\000s\000\040\000\050\000L\000i\000t\000t\000l\000e\000S\000h\000a\000r\000p\000\051}{section.5.3}% 58
\BOOKMARK [2][-]{subsection.5.3.4}{\376\377\000C\000o\000m\000p\000a\000r\000i\000n\000g\000\040\000a\000p\000r\000o\000a\000c\000h\000e\000s}{section.5.3}% 59
\BOOKMARK [1][-]{section.5.4}{\376\377\000P\000e\000f\000o\000r\000m\000a\000n\000c\000e}{chapter.5}% 60
\BOOKMARK [1][-]{section.5.5}{\376\377\000F\000u\000t\000u\000r\000e\000\040\000w\000o\000r\000k}{chapter.5}% 61
\BOOKMARK [0][-]{chapter.6}{\376\377\000R\000e\000d\000a\000F\000a\000s\000t\000a}{}% 62
\BOOKMARK [1][-]{section.6.1}{\376\377\000M\000o\000t\000i\000v\000a\000t\000i\000o\000n}{chapter.6}% 63
\BOOKMARK [1][-]{section.6.2}{\376\377\000P\000r\000e\000l\000i\000m\000i\000n\000a\000r\000i\000e\000s}{chapter.6}% 64
\BOOKMARK [2][-]{subsection.6.2.1}{\376\377\000D\000N\000A\000\040\000a\000n\000d\000\040\000k\000M\000e\000r\000s}{section.6.2}% 65
\BOOKMARK [2][-]{subsection.6.2.2}{\376\377\000F\000a\000s\000t\000a\000\040\000F\000i\000l\000e\000s}{section.6.2}% 66
\BOOKMARK [1][-]{section.6.3}{\376\377\000H\000o\000w\000\040\000t\000o\000\040\000u\000s\000e}{chapter.6}% 67
\BOOKMARK [2][-]{subsection.6.3.1}{\376\377\000D\000i\000s\000p\000o\000s\000i\000n\000g}{section.6.3}% 68
\BOOKMARK [1][-]{section.6.4}{\376\377\000F\000u\000t\000u\000r\000e\000\040\000w\000o\000r\000k}{chapter.6}% 69
\BOOKMARK [0][-]{chapter.7}{\376\377\000S\000y\000m\000m\000e\000t\000r\000i\000c\000D\000i\000f\000f\000e\000r\000e\000n\000c\000e\000F\000i\000n\000d\000e\000r}{}% 70
\BOOKMARK [1][-]{section.7.1}{\376\377\000M\000o\000t\000i\000v\000a\000t\000i\000o\000n}{chapter.7}% 71
\BOOKMARK [1][-]{section.7.2}{\376\377\000O\000v\000e\000r\000v\000i\000e\000w}{chapter.7}% 72
\BOOKMARK [2][-]{subsection.7.2.1}{\376\377\000E\000n\000c\000o\000d\000i\000n\000g\000-\000D\000e\000c\000o\000d\000i\000n\000g\000\040\000P\000i\000p\000e\000l\000i\000n\000e}{section.7.2}% 73
\BOOKMARK [2][-]{subsection.7.2.2}{\376\377\000S\000k\000e\000t\000c\000h\000/\000T\000a\000b\000l\000e}{section.7.2}% 74
\BOOKMARK [2][-]{subsection.7.2.3}{\376\377\000H\000a\000s\000h\000i\000n\000g\000\040\000F\000u\000n\000c\000t\000i\000o\000n\000s}{section.7.2}% 75
\BOOKMARK [2][-]{subsection.7.2.4}{\376\377\000E\000n\000c\000o\000d\000e\000r}{section.7.2}% 76
\BOOKMARK [2][-]{subsection.7.2.5}{\376\377\000D\000e\000c\000o\000d\000e\000r\000s}{section.7.2}% 77
\BOOKMARK [2][-]{subsection.7.2.6}{\376\377\000H\000W\000P\000D\000e\000c\000o\000d\000e\000r}{section.7.2}% 78
\BOOKMARK [2][-]{subsection.7.2.7}{\376\377\000H\000y\000p\000e\000r\000G\000r\000a\000p\000h\000D\000e\000c\000o\000d\000e\000r}{section.7.2}% 79
\BOOKMARK [2][-]{subsection.7.2.8}{\376\377\000M\000a\000s\000s\000a\000g\000e\000r\000s}{section.7.2}% 80
\BOOKMARK [2][-]{subsection.7.2.9}{\376\377\000D\000a\000t\000a\000\040\000s\000o\000u\000r\000c\000e\000s}{section.7.2}% 81
\BOOKMARK [2][-]{subsection.7.2.10}{\376\377\000T\000e\000s\000t\000i\000n\000g}{section.7.2}% 82
\BOOKMARK [1][-]{section.7.3}{\376\377\000B\000u\000i\000l\000d\000i\000n\000g\000\040\000a\000\040\000C\000u\000s\000t\000o\000m\000\040\000S\000o\000l\000u\000t\000i\000o\000n}{chapter.7}% 83
\BOOKMARK [2][-]{subsection.7.3.1}{\376\377\000C\000r\000e\000a\000t\000i\000n\000g\000\040\000a\000\040\000t\000a\000b\000l\000e}{section.7.3}% 84
\BOOKMARK [2][-]{subsection.7.3.2}{\376\377\000C\000h\000o\000o\000s\000i\000n\000g\000\040\000H\000a\000s\000h\000\040\000F\000u\000n\000c\000t\000i\000o\000n\000s}{section.7.3}% 85
\BOOKMARK [2][-]{subsection.7.3.3}{\376\377\000C\000h\000o\000o\000s\000i\000n\000g\000\040\000E\000n\000c\000o\000d\000e\000r}{section.7.3}% 86
\BOOKMARK [2][-]{subsection.7.3.4}{\376\377\000U\000s\000i\000n\000g\000\040\000E\000n\000c\000o\000d\000e\000r}{section.7.3}% 87
\BOOKMARK [2][-]{subsection.7.3.5}{\376\377\000S\000k\000e\000t\000c\000h}{section.7.3}% 88
\BOOKMARK [2][-]{subsection.7.3.6}{\376\377\000C\000h\000o\000o\000s\000i\000n\000g\000\040\000D\000e\000c\000o\000d\000e\000r}{section.7.3}% 89
\BOOKMARK [1][-]{section.7.4}{\376\377\000B\000u\000f\000f\000e\000r\000s\000\040\000s\000i\000z\000e}{chapter.7}% 90
\BOOKMARK [1][-]{section.7.5}{\376\377\000F\000u\000t\000u\000r\000e\000\040\000W\000o\000r\000k}{chapter.7}% 91
\BOOKMARK [0][-]{chapter.8}{\376\377\000E\000x\000p\000e\000r\000i\000m\000e\000t\000s}{}% 92
\BOOKMARK [1][-]{section.8.1}{\376\377\000C\000o\000m\000p\000a\000r\000e\000\040\000h\000a\000s\000h\000\040\000f\000u\000n\000c\000t\000i\000o\000n}{chapter.8}% 93
\BOOKMARK [1][-]{section.8.2}{}{chapter.8}% 94
\BOOKMARK [1][-]{section.8.3}{\376\377\000T\000e\000s\000t\000\040\000m\000a\000s\000s\000a\000g\000e\000r\000s}{chapter.8}% 95
\BOOKMARK [0][-]{chapter*.35}{\376\377\000C\000o\000n\000c\000l\000u\000s\000i\000o\000n}{}% 96
\BOOKMARK [0][-]{chapter*.36}{\376\377\000L\000i\000s\000t\000\040\000o\000f\000\040\000F\000i\000g\000u\000r\000e\000s}{}% 97
\BOOKMARK [0][-]{chapter*.37}{\376\377\000L\000i\000s\000t\000\040\000o\000f\000\040\000T\000a\000b\000l\000e\000s}{}% 98
\BOOKMARK [0][-]{chapter*.38}{\376\377\000L\000i\000s\000t\000\040\000o\000f\000\040\000A\000b\000b\000r\000e\000v\000i\000a\000t\000i\000o\000n\000s}{}% 99
\BOOKMARK [0][-]{appendix.A}{\376\377\000A\000t\000t\000a\000c\000h\000m\000e\000n\000t\000s}{}% 100
\BOOKMARK [1][-]{section.A.1}{\376\377\000F\000i\000r\000s\000t\000\040\000A\000t\000t\000a\000c\000h\000m\000e\000n\000t}{appendix.A}% 101
